<?xml version="1.0" encoding="UTF-8"?>
<!-- Generated by org.testng.reporters.JUnitReportReporter -->
<testsuite hostname="DESKTOP-VIMU54J" name="com.qa.crmpro.testcases.LoginPageTest" tests="3" failures="0" timestamp="5 Jul 2019 07:27:37 GMT" time="44.399" errors="0">
  <testcase name="verifyTitle" time="14.498" classname="com.qa.crmpro.testcases.LoginPageTest"/>
  <testcase name="verifyLogo" time="12.077" classname="com.qa.crmpro.testcases.LoginPageTest"/>
  <testcase name="LoginToCrmPro" time="17.824" classname="com.qa.crmpro.testcases.LoginPageTest"/>
</testsuite> <!-- com.qa.crmpro.testcases.LoginPageTest -->
